2019-02-07 19:56:15.140  INFO 1140 --- [main] n.d.discordsoundboard.MainController     : Starting MainController v2.2.2-beta on LAPTOP-H3I3BMTT with PID 1140 (C:\Users\User\Desktop\DiscordSoundboard-2.2.2-beta\DiscordSoundboard.jar started by User in C:\Users\User\Desktop\DiscordSoundboard-2.2.2-beta)
2019-02-07 19:56:15.151  INFO 1140 --- [main] n.d.discordsoundboard.MainController     : No active profile set, falling back to default profiles: default
2019-02-07 19:56:15.290  INFO 1140 --- [main] ationConfigEmbeddedWebApplicationContext : Refreshing org.springframework.boot.context.embedded.AnnotationConfigEmbeddedWebApplicationContext@1698c449: startup date [Thu Feb 07 19:56:15 PST 2019]; root of context hierarchy
2019-02-07 19:57:37.867  INFO 10640 --- [main] n.d.discordsoundboard.MainController     : Starting MainController v2.2.2-beta on LAPTOP-H3I3BMTT with PID 10640 (C:\Users\User\Desktop\DiscordSoundboard-2.2.2-beta\DiscordSoundboard.jar started by User in C:\Users\User\Desktop\DiscordSoundboard-2.2.2-beta)
2019-02-07 19:57:37.920  INFO 10640 --- [main] n.d.discordsoundboard.MainController     : No active profile set, falling back to default profiles: default
2019-02-07 19:57:38.262  INFO 10640 --- [main] ationConfigEmbeddedWebApplicationContext : Refreshing org.springframework.boot.context.embedded.AnnotationConfigEmbeddedWebApplicationContext@1698c449: startup date [Thu Feb 07 19:57:38 PST 2019]; root of context hierarchy
2019-02-07 19:58:33.583  INFO 10640 --- [main] .s.d.r.c.RepositoryConfigurationDelegate : Multiple Spring Data modules found, entering strict repository configuration mode!
2019-02-07 19:58:41.259  INFO 10640 --- [main] f.a.AutowiredAnnotationBeanPostProcessor : JSR-330 'javax.inject.Inject' annotation found and supported for autowiring
2019-02-07 19:58:41.552  INFO 10640 --- [main] trationDelegate$BeanPostProcessorChecker : Bean 'org.springframework.transaction.annotation.ProxyTransactionManagementConfiguration' of type [org.springframework.transaction.annotation.ProxyTransactionManagementConfiguration$$EnhancerBySpringCGLIB$$22ef8e08] is not eligible for getting processed by all BeanPostProcessors (for example: not eligible for auto-proxying)
2019-02-07 19:58:42.862  INFO 10640 --- [main] s.b.c.e.t.TomcatEmbeddedServletContainer : Tomcat initialized with port(s): 8080 (http)
2019-02-07 19:58:42.882  INFO 10640 --- [main] o.apache.catalina.core.StandardService   : Starting service [Tomcat]
2019-02-07 19:58:42.887  INFO 10640 --- [main] org.apache.catalina.core.StandardEngine  : Starting Servlet Engine: Apache Tomcat/8.5.20
2019-02-07 19:58:45.077  INFO 10640 --- [localhost-startStop-1] o.a.c.c.C.[Tomcat].[localhost].[/]       : Initializing Spring embedded WebApplicationContext
2019-02-07 19:58:45.078  INFO 10640 --- [localhost-startStop-1] o.s.web.context.ContextLoader            : Root WebApplicationContext: initialization completed in 66823 ms
2019-02-07 19:58:45.912  INFO 10640 --- [localhost-startStop-1] o.s.b.w.servlet.ServletRegistrationBean  : Mapping servlet: 'dispatcherServlet' to [/]
2019-02-07 19:58:45.926  INFO 10640 --- [localhost-startStop-1] o.s.b.w.servlet.FilterRegistrationBean   : Mapping filter: 'characterEncodingFilter' to: [/*]
2019-02-07 19:58:45.931  INFO 10640 --- [localhost-startStop-1] o.s.b.w.servlet.FilterRegistrationBean   : Mapping filter: 'hiddenHttpMethodFilter' to: [/*]
2019-02-07 19:58:45.934  INFO 10640 --- [localhost-startStop-1] o.s.b.w.servlet.FilterRegistrationBean   : Mapping filter: 'httpPutFormContentFilter' to: [/*]
2019-02-07 19:58:45.936  INFO 10640 --- [localhost-startStop-1] o.s.b.w.servlet.FilterRegistrationBean   : Mapping filter: 'requestContextFilter' to: [/*]
2019-02-07 19:58:53.117  INFO 10640 --- [main] j.LocalContainerEntityManagerFactoryBean : Building JPA container EntityManagerFactory for persistence unit 'default'
2019-02-07 19:58:58.848  INFO 10640 --- [main] j.LocalContainerEntityManagerFactoryBean : Initialized JPA EntityManagerFactory for persistence unit 'default'
2019-02-07 19:59:02.208  INFO 10640 --- [main] net.dv8tion.jda.core.JDA                 : Login Successful!
2019-02-07 19:59:02.872  INFO 10640 --- [JDA MainWS-ReadThread] n.d.jda.core.requests.WebSocketClient    : Connected to WebSocket
2019-02-07 19:59:03.137  INFO 10640 --- [JDA MainWS-ReadThread] net.dv8tion.jda.core.JDA                 : Finished Loading!
2019-02-07 19:59:03.186  INFO 10640 --- [main] n.d.d.service.SoundPlayerImpl            : Loading from C:UsersUserDesktopDiscordSoundboard-2.2.2-betaSounds
2019-02-07 19:59:03.189  INFO 10640 --- [main] n.d.d.service.SoundPlayerImpl            : DIR: C:UsersUserDesktopDiscordSoundboard-2.2.2-betaSounds created.
2019-02-07 19:59:03.455  INFO 10640 --- [main] .s.a.AnnotationAsyncExecutionInterceptor : No task executor bean found for async processing: no bean of type TaskExecutor and no bean named 'taskExecutor' either
2019-02-07 19:59:04.634  INFO 10640 --- [main] s.w.s.m.m.a.RequestMappingHandlerMapping : Mapped "{[/soundsApi/users],methods=[GET]}" onto public java.util.List<net.dirtydeeds.discordsoundboard.beans.User> net.dirtydeeds.discordsoundboard.web.SoundboardRestController.getUsers()
2019-02-07 19:59:04.638  INFO 10640 --- [main] s.w.s.m.m.a.RequestMappingHandlerMapping : Mapped "{[/soundsApi/volume],methods=[POST]}" onto public org.springframework.http.HttpStatus net.dirtydeeds.discordsoundboard.web.SoundboardRestController.setVolume(java.lang.Integer,java.lang.String)
2019-02-07 19:59:04.640  INFO 10640 --- [main] s.w.s.m.m.a.RequestMappingHandlerMapping : Mapped "{[/soundsApi/playFile],methods=[POST]}" onto public org.springframework.http.HttpStatus net.dirtydeeds.discordsoundboard.web.SoundboardRestController.playSoundFile(java.lang.String,java.lang.String)
2019-02-07 19:59:04.640  INFO 10640 --- [main] s.w.s.m.m.a.RequestMappingHandlerMapping : Mapped "{[/soundsApi/sounds],methods=[POST]}" onto public org.springframework.http.HttpStatus net.dirtydeeds.discordsoundboard.web.SoundboardRestController.soundCommand(java.lang.String,java.lang.String)
2019-02-07 19:59:04.642  INFO 10640 --- [main] s.w.s.m.m.a.RequestMappingHandlerMapping : Mapped "{[/soundsApi/volume],methods=[GET]}" onto public float net.dirtydeeds.discordsoundboard.web.SoundboardRestController.getVolume()
2019-02-07 19:59:04.646  INFO 10640 --- [main] s.w.s.m.m.a.RequestMappingHandlerMapping : Mapped "{[/soundsApi/stop],methods=[POST]}" onto public org.springframework.http.HttpStatus net.dirtydeeds.discordsoundboard.web.SoundboardRestController.stopPlayback(java.lang.String)
2019-02-07 19:59:04.646  INFO 10640 --- [main] s.w.s.m.m.a.RequestMappingHandlerMapping : Mapped "{[/soundsApi/updateSoundList],methods=[GET]}" onto public org.springframework.http.HttpStatus net.dirtydeeds.discordsoundboard.web.SoundboardRestController.updateSoundList()
2019-02-07 19:59:04.648  INFO 10640 --- [main] s.w.s.m.m.a.RequestMappingHandlerMapping : Mapped "{[/soundsApi/playUrl],methods=[POST]}" onto public org.springframework.http.HttpStatus net.dirtydeeds.discordsoundboard.web.SoundboardRestController.playSoundUrl(java.lang.String,java.lang.String)
2019-02-07 19:59:04.650  INFO 10640 --- [main] s.w.s.m.m.a.RequestMappingHandlerMapping : Mapped "{[/soundsApi/availableSounds],methods=[GET]}" onto public java.util.List<net.dirtydeeds.discordsoundboard.beans.SoundFile> net.dirtydeeds.discordsoundboard.web.SoundboardRestController.getSoundFileList()
2019-02-07 19:59:04.651  INFO 10640 --- [main] s.w.s.m.m.a.RequestMappingHandlerMapping : Mapped "{[/soundsApi/playRandom],methods=[POST]}" onto public org.springframework.http.HttpStatus net.dirtydeeds.discordsoundboard.web.SoundboardRestController.playRandomSoundFile(java.lang.String)
2019-02-07 19:59:04.652  INFO 10640 --- [main] s.w.s.m.m.a.RequestMappingHandlerMapping : Mapped "{[/soundsApi/soundCategories],methods=[GET]}" onto public java.util.Set<java.lang.String> net.dirtydeeds.discordsoundboard.web.SoundboardRestController.getSoundCategories()
2019-02-07 19:59:04.653  INFO 10640 --- [main] s.w.s.m.m.a.RequestMappingHandlerMapping : Mapped "{[/soundsApi/sounds/category],methods=[GET]}" onto public java.util.Set<java.lang.String> net.dirtydeeds.discordsoundboard.web.SoundboardRestController.getSoundCategoriesNew()
2019-02-07 19:59:04.654  INFO 10640 --- [main] s.w.s.m.m.a.RequestMappingHandlerMapping : Mapped "{[/soundsApi/sounds],methods=[GET]}" onto public java.util.List<net.dirtydeeds.discordsoundboard.beans.SoundFile> net.dirtydeeds.discordsoundboard.web.SoundboardRestController.getSoundFileListNew()
2019-02-07 19:59:04.655  INFO 10640 --- [main] s.w.s.m.m.a.RequestMappingHandlerMapping : Mapped "{[/v2/api-docs],methods=[GET],produces=[application/json || application/hal+json]}" onto public org.springframework.http.ResponseEntity<springfox.documentation.spring.web.json.Json> springfox.documentation.swagger2.web.Swagger2Controller.getDocumentation(java.lang.String,javax.servlet.http.HttpServletRequest)
2019-02-07 19:59:04.666  INFO 10640 --- [main] s.w.s.m.m.a.RequestMappingHandlerMapping : Mapped "{[/configuration/ui]}" onto org.springframework.http.ResponseEntity<springfox.documentation.swagger.web.UiConfiguration> springfox.documentation.swagger.web.ApiResourceController.uiConfiguration()
2019-02-07 19:59:04.670  INFO 10640 --- [main] s.w.s.m.m.a.RequestMappingHandlerMapping : Mapped "{[/swagger-resources]}" onto org.springframework.http.ResponseEntity<java.util.List<springfox.documentation.swagger.web.SwaggerResource>> springfox.documentation.swagger.web.ApiResourceController.swaggerResources()
2019-02-07 19:59:04.672  INFO 10640 --- [main] s.w.s.m.m.a.RequestMappingHandlerMapping : Mapped "{[/configuration/security]}" onto org.springframework.http.ResponseEntity<springfox.documentation.swagger.web.SecurityConfiguration> springfox.documentation.swagger.web.ApiResourceController.securityConfiguration()
2019-02-07 19:59:04.690  INFO 10640 --- [main] s.w.s.m.m.a.RequestMappingHandlerMapping : Mapped "{[/error]}" onto public org.springframework.http.ResponseEntity<java.util.Map<java.lang.String, java.lang.Object>> org.springframework.boot.autoconfigure.web.BasicErrorController.error(javax.servlet.http.HttpServletRequest)
2019-02-07 19:59:04.700  INFO 10640 --- [main] s.w.s.m.m.a.RequestMappingHandlerMapping : Mapped "{[/error],produces=[text/html]}" onto public org.springframework.web.servlet.ModelAndView org.springframework.boot.autoconfigure.web.BasicErrorController.errorHtml(javax.servlet.http.HttpServletRequest,javax.servlet.http.HttpServletResponse)
2019-02-07 19:59:05.863  INFO 10640 --- [main] s.w.s.m.m.a.RequestMappingHandlerAdapter : Looking for @ControllerAdvice: org.springframework.boot.context.embedded.AnnotationConfigEmbeddedWebApplicationContext@1698c449: startup date [Thu Feb 07 19:57:38 PST 2019]; root of context hierarchy
2019-02-07 19:59:06.067  INFO 10640 --- [main] o.s.w.s.handler.SimpleUrlHandlerMapping  : Mapped URL path [/webjars/**] onto handler of type [class org.springframework.web.servlet.resource.ResourceHttpRequestHandler]
2019-02-07 19:59:06.068  INFO 10640 --- [main] o.s.w.s.handler.SimpleUrlHandlerMapping  : Mapped URL path [/**] onto handler of type [class org.springframework.web.servlet.resource.ResourceHttpRequestHandler]
2019-02-07 19:59:06.187  INFO 10640 --- [main] o.s.w.s.handler.SimpleUrlHandlerMapping  : Mapped URL path [/**/favicon.ico] onto handler of type [class org.springframework.web.servlet.resource.ResourceHttpRequestHandler]
2019-02-07 19:59:06.268  INFO 10640 --- [main] oConfiguration$WelcomePageHandlerMapping : Adding welcome page: class path resource [static/index.html]
2019-02-07 19:59:06.859  INFO 10640 --- [main] o.s.j.e.a.AnnotationMBeanExporter        : Registering beans for JMX exposure on startup
2019-02-07 19:59:06.919  INFO 10640 --- [main] d.s.w.p.DocumentationPluginsBootstrapper : Context refreshed
2019-02-07 19:59:06.985  INFO 10640 --- [main] d.s.w.p.DocumentationPluginsBootstrapper : Found 1 custom documentation plugin(s)
2019-02-07 19:59:07.018  INFO 10640 --- [main] s.d.s.w.s.ApiListingReferenceScanner     : Scanning for api listing references
2019-02-07 19:59:07.780  INFO 10640 --- [main] s.b.c.e.t.TomcatEmbeddedServletContainer : Tomcat started on port(s): 8080 (http)
2019-02-07 19:59:07.800  INFO 10640 --- [main] n.d.discordsoundboard.MainController     : Started MainController in 91.443 seconds (JVM running for 96.418)
2019-02-07 19:59:56.624  INFO 10640 --- [SimpleAsyncTaskExecutor-1] n.d.d.service.SoundPlayerImpl            : Loading from C:UsersUserDesktopDiscordSoundboard-2.2.2-betaSounds
2019-02-07 19:59:56.626  INFO 10640 --- [SimpleAsyncTaskExecutor-1] n.d.d.service.SoundPlayerImpl            : shut the heck up
2019-02-07 19:59:57.146  INFO 10640 --- [SimpleAsyncTaskExecutor-1] n.d.d.service.SoundPlayerImpl            : Loading from C:UsersUserDesktopDiscordSoundboard-2.2.2-betaSounds
2019-02-07 19:59:57.147  INFO 10640 --- [SimpleAsyncTaskExecutor-1] n.d.d.service.SoundPlayerImpl            : shut the heck up
2019-02-07 19:59:57.163  INFO 10640 --- [SimpleAsyncTaskExecutor-1] n.d.d.service.SoundPlayerImpl            : Loading from C:UsersUserDesktopDiscordSoundboard-2.2.2-betaSounds
2019-02-07 19:59:57.165  INFO 10640 --- [SimpleAsyncTaskExecutor-1] n.d.d.service.SoundPlayerImpl            : shut the heck up
2019-02-07 20:00:57.941  INFO 10640 --- [JDA MainWS-ReadThread] EntranceListener                         : Could not find any sound that starts with therealhamas, so ignoring entrance.
2019-02-07 20:01:09.511  INFO 10640 --- [JDA MainWS-ReadThread] LeaveListener                            : Could not disconnection sound for therealhamas, so ignoring disconnection event.
2019-02-07 20:03:27.134  INFO 10640 --- [SimpleAsyncTaskExecutor-1] n.d.d.service.SoundPlayerImpl            : Loading from C:UsersUserDesktopDiscordSoundboard-2.2.2-betaSounds
2019-02-07 20:03:27.136  INFO 10640 --- [SimpleAsyncTaskExecutor-1] n.d.d.service.SoundPlayerImpl            : shutup
2019-02-07 20:03:27.146  INFO 10640 --- [SimpleAsyncTaskExecutor-1] n.d.d.service.SoundPlayerImpl            : Loading from C:UsersUserDesktopDiscordSoundboard-2.2.2-betaSounds
2019-02-07 20:03:27.180  INFO 10640 --- [SimpleAsyncTaskExecutor-1] n.d.d.service.SoundPlayerImpl            : shutup
2019-02-07 20:04:24.417  INFO 10640 --- [JDA MainWS-ReadThread] EntranceListener                         : Could not find any sound that starts with therealhamas, so ignoring entrance.
2019-02-07 20:10:23.781  INFO 10640 --- [JDA MainWS-ReadThread] EntranceListener                         : Could not find any sound that starts with ryuhn, so ignoring entrance.
2019-02-07 20:10:38.049  INFO 10640 --- [JDA MainWS-ReadThread] EntranceListener                         : Could not find any sound that starts with therealhamas, so ignoring entrance.
2019-02-07 20:10:39.902  INFO 10640 --- [JDA MainWS-ReadThread] EntranceListener                         : Could not find any sound that starts with therealhamas, so ignoring entrance.
2019-02-07 20:11:14.181  INFO 10640 --- [SimpleAsyncTaskExecutor-1] n.d.d.service.SoundPlayerImpl            : Loading from C:UsersUserDesktopDiscordSoundboard-2.2.2-betaSounds
2019-02-07 20:11:14.183  INFO 10640 --- [SimpleAsyncTaskExecutor-1] n.d.d.service.SoundPlayerImpl            : ryuhn
2019-02-07 20:11:14.190  INFO 10640 --- [SimpleAsyncTaskExecutor-1] n.d.d.service.SoundPlayerImpl            : Loading from C:UsersUserDesktopDiscordSoundboard-2.2.2-betaSounds
2019-02-07 20:11:14.191  INFO 10640 --- [SimpleAsyncTaskExecutor-1] n.d.d.service.SoundPlayerImpl            : ryuhn
2019-02-07 20:12:15.643  INFO 10640 --- [JDA MainWS-ReadThread] n.d.jda.core.managers.AudioManager       : Audio System successfully setup!
2019-02-07 20:12:23.882  INFO 10640 --- [JDA MainWS-ReadThread] n.d.d.service.SoundPlayerImpl            : Playing file for entrance of user: ryuhn
2019-02-07 20:12:23.943  INFO 10640 --- [JDA MainWS-ReadThread] n.d.d.service.SoundPlayerImpl            : Playing file for entrance of user: ryuhn
2019-02-07 20:12:31.554  INFO 10640 --- [JDA MainWS-ReadThread] EntranceListener                         : Could not find any sound that starts with therealhamas, so ignoring entrance.
2019-02-07 20:12:33.059  INFO 10640 --- [JDA MainWS-ReadThread] EntranceListener                         : Could not find any sound that starts with therealhamas, so ignoring entrance.
2019-02-07 20:13:53.756  INFO 10640 --- [JDA MainWS-ReadThread] n.d.d.listeners.ChatSoundBoardListener   : Responding to help command. Requested by theRealHamas. ID: 496513854621351957
2019-02-07 20:14:32.330  INFO 10640 --- [JDA MainWS-ReadThread] EntranceListener                         : Could not find any sound that starts with khrispynugget, so ignoring entrance.
2019-02-07 20:15:26.086  INFO 10640 --- [JDA MainWS-ReadThread] LeaveListener                            : Could not disconnection sound for khrispynugget, so ignoring disconnection event.
2019-02-07 20:15:49.952  INFO 10640 --- [JDA MainWS-ReadThread] n.d.d.listeners.ChatSoundBoardListener   : Responding to list command. Requested by theRealHamas. ID: 496513854621351957
2019-02-07 20:15:53.829  INFO 10640 --- [JDA MainWS-ReadThread] n.d.d.listeners.ChatSoundBoardListener   : Attempting to play file: ryuhn 1 times. Requested by theRealHamas. ID: 496513854621351957
2019-02-07 20:16:11.665  INFO 10640 --- [JDA MainWS-ReadThread] n.d.d.listeners.ChatSoundBoardListener   : Attempting to play file: ryuhn 1 times. Requested by theRealHamas. ID: 496513854621351957
2019-02-07 20:16:16.917  INFO 10640 --- [JDA MainWS-ReadThread] n.d.d.listeners.ChatSoundBoardListener   : Attempting to play file: shutup 1 times. Requested by theRealHamas. ID: 496513854621351957
2019-02-07 20:16:19.793  INFO 10640 --- [JDA MainWS-ReadThread] n.d.d.listeners.ChatSoundBoardListener   : Attempting to play file: shutup 1 times. Requested by theRealHamas. ID: 496513854621351957
2019-02-07 20:17:18.440  INFO 10640 --- [JDA MainWS-ReadThread] EntranceListener                         : Could not find any sound that starts with edmond dantes, so ignoring entrance.
2019-02-07 20:19:12.144  INFO 10640 --- [JDA MainWS-ReadThread] n.d.d.listeners.ChatSoundBoardListener   : Responding to info request by theRealHamas. ID: 496513854621351957
2019-02-07 20:20:14.849  INFO 10640 --- [JDA MainWS-ReadThread] LeaveListener                            : Could not disconnection sound for edmond dantes, so ignoring disconnection event.
2019-02-07 20:20:34.229  INFO 10640 --- [JDA MainWS-ReadThread] LeaveListener                            : Could not disconnection sound for therealhamas, so ignoring disconnection event.
2019-02-07 20:20:36.163  INFO 10640 --- [JDA MainWS-ReadThread] EntranceListener                         : Could not find any sound that starts with therealhamas, so ignoring entrance.
2019-02-07 20:20:49.706  INFO 10640 --- [JDA MainWS-ReadThread] n.d.d.listeners.ChatSoundBoardListener   : Attempting to play file: ryuhn 1 times. Requested by theRealHamas. ID: 496513854621351957
2019-02-07 20:21:34.179  INFO 10640 --- [JDA MainWS-ReadThread] n.d.d.listeners.ChatSoundBoardListener   : Attempting to play file: ryuhn 1 times. Requested by theRealHamas. ID: 496513854621351957
2019-02-07 20:22:24.063  INFO 10640 --- [JDA MainWS-ReadThread] EntranceListener                         : Could not find any sound that starts with therealhamas, so ignoring entrance.
2019-02-07 20:22:26.145  INFO 10640 --- [JDA MainWS-ReadThread] LeaveListener                            : Could not disconnection sound for therealhamas, so ignoring disconnection event.
2019-02-07 20:23:21.229  INFO 10640 --- [JDA MainWS-ReadThread] n.d.d.listeners.ChatSoundBoardListener   : Attempting to play file: ryuhn 1 times. Requested by theRealHamas. ID: 496513854621351957
2019-02-07 20:23:21.235  WARN 10640 --- [JDA MainWS-ReadThread] n.d.d.service.SoundPlayerImpl            : Problem moving to requested users channel. Maybe user, theRealHamas is not connected to Voice?
2019-02-07 20:23:21.785 ERROR 10640 --- [JDA-Thread JDA] n.dv8tion.jda.core.requests.RestAction   : RestAction queue returned failure: [ErrorResponseException] 50013: Missing Permissions
2019-02-07 20:23:31.492  INFO 10640 --- [JDA MainWS-ReadThread] EntranceListener                         : Could not find any sound that starts with therealhamas, so ignoring entrance.
2019-02-07 20:23:35.275  INFO 10640 --- [JDA MainWS-ReadThread] n.d.d.listeners.ChatSoundBoardListener   : Attempting to play file: ryuhn 1 times. Requested by theRealHamas. ID: 496513854621351957
2019-02-07 20:23:35.494 ERROR 10640 --- [JDA-Thread JDA] n.dv8tion.jda.core.requests.RestAction   : RestAction queue returned failure: [ErrorResponseException] 50013: Missing Permissions
2019-02-07 20:23:38.976  INFO 10640 --- [JDA MainWS-ReadThread] n.d.d.listeners.ChatSoundBoardListener   : Responding to help command. Requested by ryuhn. ID: 297850017610334208
2019-02-07 20:23:51.210  INFO 10640 --- [JDA MainWS-ReadThread] n.d.d.listeners.ChatSoundBoardListener   : Attempting to play file: shut 1 times. Requested by ryuhn. ID: 297850017610334208
2019-02-07 20:23:56.249  INFO 10640 --- [JDA MainWS-ReadThread] n.d.d.listeners.ChatSoundBoardListener   : Attempting to play file:  1 times. Requested by ryuhn. ID: 297850017610334208
2019-02-07 20:24:05.096  INFO 10640 --- [JDA MainWS-ReadThread] n.d.d.listeners.ChatSoundBoardListener   : Attempting to play file: ryuhn 1 times. Requested by theRealHamas. ID: 496513854621351957
2019-02-07 20:24:06.933  INFO 10640 --- [JDA MainWS-ReadThread] n.d.d.service.SoundPlayerImpl            : Attempting to play random file: shut the heck up, requested by : ryuhn
2019-02-07 20:24:11.778  INFO 10640 --- [JDA MainWS-ReadThread] n.d.d.service.SoundPlayerImpl            : Attempting to play random file: shut the heck up, requested by : ryuhn
2019-02-07 20:24:14.436  INFO 10640 --- [JDA MainWS-ReadThread] n.d.d.listeners.ChatSoundBoardListener   : Attempting to play file: ryuhn 1 times. Requested by theRealHamas. ID: 496513854621351957
2019-02-07 20:24:22.952  INFO 10640 --- [JDA MainWS-ReadThread] LeaveListener                            : Could not disconnection sound for ryuhn, so ignoring disconnection event.
2019-02-07 20:24:43.613  INFO 10640 --- [JDA MainWS-ReadThread] n.d.d.service.SoundPlayerImpl            : Playing file for entrance of user: ryuhn
2019-02-07 20:29:20.914  INFO 10640 --- [JDA MainWS-ReadThread] LeaveListener                            : Could not disconnection sound for therealhamas, so ignoring disconnection event.
2019-02-07 20:30:08.587  INFO 10640 --- [JDA MainWS-ReadThread] LeaveListener                            : Could not disconnection sound for ryuhn, so ignoring disconnection event.
2019-02-07 20:31:12.904  INFO 10640 --- [JDA MainWS-ReadThread] EntranceListener                         : Could not find any sound that starts with therealhamas, so ignoring entrance.
